<?xml version="1.0" encoding="UTF-8"?>
<!-- Generated by org.testng.reporters.JUnitReportReporter -->
<testsuite name="google_search.TC001" tests="2" time="24.966" ignored="0" failures="0" timestamp="25 Nov 2019 02:22:55 GMT" skipped="0" hostname="LAPTOP-RV2LTS0B" errors="0">
  <testcase name="Test_1" time="10.207" classname="google_search.TC001"/>
  <testcase name="Test_2" time="14.759" classname="google_search.TC001"/>
</testsuite> <!-- google_search.TC001 -->
